

Microchip MPLAB XC8 Assembler V2.10 build 88905656 
                                                                                               Sun Mar 22 19:07:48 2020

Microchip MPLAB XC8 C Compiler v2.10 (Free license) build 20190730164152 Og1 
     1                           	processor	18F4550
     2                           	fnconf	rparam,??,?,0
     3                           	opt	pw 120
     4                           	opt	flic
     5                           	psect	idataCOMRAM,global,class=CODE,delta=1,noexec
     6                           	psect	cinit,global,reloc=2,class=CODE,delta=1
     7                           	psect	bssCOMRAM,global,class=COMRAM,space=1,delta=1,noexec
     8                           	psect	dataCOMRAM,global,class=COMRAM,space=1,delta=1,noexec
     9                           	psect	cstackCOMRAM,global,class=COMRAM,space=1,delta=1,noexec
    10                           	psect	text0,global,reloc=2,class=CODE,delta=1
    11                           	psect	text1,global,reloc=2,class=CODE,delta=1
    12                           	psect	text2,global,reloc=2,class=CODE,delta=1
    13                           	psect	text3,global,reloc=2,class=CODE,delta=1
    14                           	psect	text4,global,reloc=2,class=CODE,delta=1
    15                           	psect	text5,global,reloc=2,class=CODE,delta=1
    16                           	psect	text6,global,reloc=2,class=CODE,delta=1
    17                           	psect	intsave_regs,global,class=BIGRAM,space=1,delta=1,noexec
    18                           	psect	rparam,global,class=COMRAM,space=1,delta=1,noexec
    19  0000                     
    20                           ; Version 2.10
    21                           ; Generated 31/07/2019 GMT
    22                           ; 
    23                           ; Copyright © 2019, Microchip Technology Inc. and its subsidiaries ("Microchip")
    24                           ; All rights reserved.
    25                           ; 
    26                           ; This software is developed by Microchip Technology Inc. and its subsidiaries ("Microch
      +                          ip").
    27                           ; 
    28                           ; Redistribution and use in source and binary forms, with or without modification, are
    29                           ; permitted provided that the following conditions are met:
    30                           ; 
    31                           ;     1. Redistributions of source code must retain the above copyright notice, this lis
      +                          t of
    32                           ;        conditions and the following disclaimer.
    33                           ; 
    34                           ;     2. Redistributions in binary form must reproduce the above copyright notice, this 
      +                          list
    35                           ;        of conditions and the following disclaimer in the documentation and/or other
    36                           ;        materials provided with the distribution.
    37                           ; 
    38                           ;     3. Microchip's name may not be used to endorse or promote products derived from th
      +                          is
    39                           ;        software without specific prior written permission.
    40                           ; 
    41                           ; THIS SOFTWARE IS PROVIDED BY MICROCHIP "AS IS" AND ANY EXPRESS OR IMPLIED WARRANTIES,
    42                           ; INCLUDING, BUT NOT LIMITED TO, THE IMPLIED WARRANTIES OF MERCHANTABILITY AND FITNESS F
      +                          OR
    43                           ; PURPOSE ARE DISCLAIMED.  IN NO EVENT SHALL MICROCHIP BE LIABLE FOR ANY DIRECT, INDIREC
      +                          T,
    44                           ; INCIDENTAL, SPECIAL, EXEMPLARY, OR CONSEQUENTIAL DAMAGES (INCLUDING BUT NOT LIMITED TO
    45                           ; PROCUREMENT OF SUBSTITUTE GOODS OR SERVICES; LOSS OF USE, DATA OR PROFITS; OR BUSINESS
    46                           ; INTERRUPTION) HOWSOEVER CAUSED AND ON ANY THEORY OF LIABILITY, WHETHER IN CONTRACT, ST
      +                          RICT
    47                           ; LIABILITY, OR TORT (INCLUDING NEGLIGENCE OR OTHERWISE) ARISING IN ANY WAY OUT OF THE U
      +                          SE OF
    48                           ; THIS SOFTWARE, EVEN IF ADVISED OF THE POSSIBILITY OF SUCH DAMAGE.
    49                           ; 
    50                           ; 
    51                           ; Code-generator required, PIC18F4550 Definitions
    52                           ; 
    53                           ; SFR Addresses
    54  0000                     
    55                           	psect	idataCOMRAM
    56  007B4F                     __pidataCOMRAM:
    57                           	opt callstack 0
    58                           
    59                           ;initializer for _gv
    60  007B4F  FF                 	db	255
    61  0000                     _PORTBbits	set	3969
    62  0000                     _TRISBbits	set	3987
    63                           
    64                           ; #config settings
    65  0000                     
    66                           	psect	cinit
    67  007B8A                     __pcinit:
    68                           	opt callstack 0
    69  007B8A                     start_initialization:
    70                           	opt callstack 0
    71  007B8A                     __initialization:
    72                           	opt callstack 0
    73                           
    74                           ; Initialize objects allocated to COMRAM (1 bytes)
    75                           ; load TBLPTR registers with __pidataCOMRAM
    76  007B8A  0E4F               	movlw	low __pidataCOMRAM
    77  007B8C  6EF6               	movwf	tblptrl,c
    78  007B8E  0E7B               	movlw	high __pidataCOMRAM
    79  007B90  6EF7               	movwf	tblptrh,c
    80  007B92  0E00               	movlw	low (__pidataCOMRAM shr (0+16))
    81  007B94  6EF8               	movwf	tblptru,c
    82  007B96  0009               	tblrd		*+	;fetch initializer
    83  007B98  CFF5 F01C          	movff	tablat,__pdataCOMRAM
    84                           
    85                           ; Clear objects allocated to COMRAM (2 bytes)
    86  007B9C  6A1B               	clrf	(__pbssCOMRAM+1)& (0+255),c
    87  007B9E  6A1A               	clrf	__pbssCOMRAM& (0+255),c
    88  007BA0                     end_of_initialization:
    89                           	opt callstack 0
    90  007BA0                     __end_of__initialization:
    91                           	opt callstack 0
    92  007BA0  0100               	movlb	0
    93  007BA2  EF94  F03E         	goto	_main	;jump to C main() function
    94                           
    95                           	psect	bssCOMRAM
    96  00001A                     __pbssCOMRAM:
    97                           	opt callstack 0
    98  00001A                     _bv:
    99                           	opt callstack 0
   100  00001A                     	ds	1
   101  00001B                     _rv:
   102                           	opt callstack 0
   103  00001B                     	ds	1
   104                           
   105                           	psect	dataCOMRAM
   106  00001C                     __pdataCOMRAM:
   107                           	opt callstack 0
   108  00001C                     _gv:
   109                           	opt callstack 0
   110  00001C                     	ds	1
   111                           
   112                           	psect	cstackCOMRAM
   113  000001                     __pcstackCOMRAM:
   114                           	opt callstack 0
   115  000001                     ??_neopixel_reset:
   116  000001                     
   117                           ; 1 bytes @ 0x0
   118  000001                     	ds	1
   119  000002                     neopixel_setColor@g:
   120                           	opt callstack 0
   121                           
   122                           ; 1 bytes @ 0x1
   123  000002                     	ds	1
   124  000003                     neopixel_setColor@b:
   125                           	opt callstack 0
   126                           
   127                           ; 1 bytes @ 0x2
   128  000003                     	ds	1
   129  000004                     neopixel_setColor@numberOfLeds:
   130                           	opt callstack 0
   131                           
   132                           ; 1 bytes @ 0x3
   133  000004                     	ds	1
   134  000005                     neopixel_setColor@showChanges:
   135                           	opt callstack 0
   136                           
   137                           ; 1 bytes @ 0x4
   138  000005                     	ds	1
   139  000006                     neopixel_setColor@r:
   140                           	opt callstack 0
   141                           
   142                           ; 1 bytes @ 0x5
   143  000006                     	ds	1
   144  000007                     neopixel_setColor@i:
   145                           	opt callstack 0
   146                           
   147                           ; 1 bytes @ 0x6
   148  000007                     	ds	1
   149  000008                     neopixel_setColor@x:
   150                           	opt callstack 0
   151                           
   152                           ; 1 bytes @ 0x7
   153  000008                     	ds	1
   154  000009                     neopixel_setColor@x_174:
   155                           	opt callstack 0
   156                           
   157                           ; 1 bytes @ 0x8
   158  000009                     	ds	1
   159  00000A                     neopixel_setColor@x_175:
   160                           	opt callstack 0
   161                           
   162                           ; 1 bytes @ 0x9
   163  00000A                     	ds	1
   164  00000B                     neopixel_setColor@val:
   165                           	opt callstack 0
   166                           
   167                           ; 1 bytes @ 0xA
   168  00000B                     	ds	1
   169  00000C                     neopixel_offLeds@reset:
   170                           	opt callstack 0
   171                           
   172                           ; 1 bytes @ 0xB
   173  00000C                     	ds	1
   174  00000D                     neopixel_offLeds@index:
   175                           	opt callstack 0
   176                           
   177                           ; 1 bytes @ 0xC
   178  00000D                     	ds	1
   179  00000E                     neopixel_turnOneLed@r:
   180                           	opt callstack 0
   181  00000E                     neopixel_turnFromTo@indexT:
   182                           	opt callstack 0
   183                           
   184                           ; 1 bytes @ 0xD
   185  00000E                     	ds	1
   186  00000F                     neopixel_turnOneLed@g:
   187                           	opt callstack 0
   188  00000F                     neopixel_turnFromTo@r:
   189                           	opt callstack 0
   190                           
   191                           ; 1 bytes @ 0xE
   192  00000F                     	ds	1
   193  000010                     neopixel_turnOneLed@b:
   194                           	opt callstack 0
   195  000010                     neopixel_turnFromTo@g:
   196                           	opt callstack 0
   197                           
   198                           ; 1 bytes @ 0xF
   199  000010                     	ds	1
   200  000011                     neopixel_turnOneLed@index:
   201                           	opt callstack 0
   202  000011                     neopixel_turnFromTo@b:
   203                           	opt callstack 0
   204                           
   205                           ; 1 bytes @ 0x10
   206  000011                     	ds	1
   207  000012                     neopixel_turnFromTo@indexF:
   208                           	opt callstack 0
   209                           
   210                           ; 1 bytes @ 0x11
   211  000012                     	ds	1
   212  000013                     ??_main:
   213                           
   214                           ; 1 bytes @ 0x12
   215  000013                     	ds	2
   216  000015                     main@z:
   217                           	opt callstack 0
   218                           
   219                           ; 1 bytes @ 0x14
   220  000015                     	ds	1
   221  000016                     main@c:
   222                           	opt callstack 0
   223                           
   224                           ; 1 bytes @ 0x15
   225  000016                     	ds	1
   226  000017                     main@c_189:
   227                           	opt callstack 0
   228                           
   229                           ; 1 bytes @ 0x16
   230  000017                     	ds	1
   231  000018                     main@c_190:
   232                           	opt callstack 0
   233                           
   234                           ; 1 bytes @ 0x17
   235  000018                     	ds	1
   236  000019                     main@c_191:
   237                           	opt callstack 0
   238                           
   239                           ; 1 bytes @ 0x18
   240  000019                     	ds	1
   241                           
   242 ;;
   243 ;;Main: autosize = 0, tempsize = 2, incstack = 0, save=0
   244 ;;
   245 ;; *************** function _main *****************
   246 ;; Defined at:
   247 ;;		line 95 in file "neopixel_ws2812.c"
   248 ;; Parameters:    Size  Location     Type
   249 ;;		None
   250 ;; Auto vars:     Size  Location     Type
   251 ;;  z               1   20[COMRAM] unsigned char 
   252 ;;  c               1   24[COMRAM] unsigned char 
   253 ;;  c               1   23[COMRAM] unsigned char 
   254 ;;  c               1   22[COMRAM] unsigned char 
   255 ;;  c               1   21[COMRAM] unsigned char 
   256 ;; Return value:  Size  Location     Type
   257 ;;                  1    wreg      void 
   258 ;; Registers used:
   259 ;;		wreg, status,2, status,0, cstack
   260 ;; Tracked objects:
   261 ;;		On entry : 0/0
   262 ;;		On exit  : 0/0
   263 ;;		Unchanged: 0/0
   264 ;; Data sizes:     COMRAM   BANK0   BANK1   BANK2   BANK3   BANK4   BANK5   BANK6   BANK7
   265 ;;      Params:         0       0       0       0       0       0       0       0       0
   266 ;;      Locals:         5       0       0       0       0       0       0       0       0
   267 ;;      Temps:          2       0       0       0       0       0       0       0       0
   268 ;;      Totals:         7       0       0       0       0       0       0       0       0
   269 ;;Total ram usage:        7 bytes
   270 ;; Hardware stack levels required when called:    4
   271 ;; This function calls:
   272 ;;		_neopixel_init
   273 ;;		_neopixel_offLeds
   274 ;;		_neopixel_setColor
   275 ;;		_neopixel_turnFromTo
   276 ;;		_neopixel_turnOneLed
   277 ;; This function is called by:
   278 ;;		Startup code after reset
   279 ;; This function uses a non-reentrant model
   280 ;;
   281                           
   282                           	psect	text0
   283  007D28                     __ptext0:
   284                           	opt callstack 0
   285  007D28                     _main:
   286                           	opt callstack 27
   287  007D28                     l57:
   288  007D28                     
   289                           ;neopixel_ws2812.c: 98:         neopixel_init();
   290  007D28  ECA8  F03D         	call	_neopixel_init	;wreg free
   291  007D2C                     
   292                           ;neopixel_ws2812.c: 99:         neopixel_offLeds(8,1);
   293  007D2C  0E01               	movlw	1
   294  007D2E  6E0C               	movwf	neopixel_offLeds@reset^0,c
   295  007D30  0E08               	movlw	8
   296  007D32  ECB8  F03D         	call	_neopixel_offLeds
   297  007D36                     
   298                           ;neopixel_ws2812.c: 100:         neopixel_turnFromTo(5,8,255,0,0);
   299  007D36  0E08               	movlw	8
   300  007D38  6E0E               	movwf	neopixel_turnFromTo@indexT^0,c
   301  007D3A  0EFF               	movlw	255
   302  007D3C  6E0F               	movwf	neopixel_turnFromTo@r^0,c
   303  007D3E  0E00               	movlw	0
   304  007D40  6E10               	movwf	neopixel_turnFromTo@g^0,c
   305  007D42  0E00               	movlw	0
   306  007D44  6E11               	movwf	neopixel_turnFromTo@b^0,c
   307  007D46  0E05               	movlw	5
   308  007D48  ECD3  F03D         	call	_neopixel_turnFromTo
   309  007D4C                     
   310                           ;neopixel_ws2812.c: 101:         _delay((unsigned long)((250)*(48000000/4000.0)));
   311  007D4C  0E10               	movlw	16
   312  007D4E  6E14               	movwf	(??_main+1)^0,c
   313  007D50  0E39               	movlw	57
   314  007D52  6E13               	movwf	??_main^0,c
   315  007D54  0E0E               	movlw	14
   316  007D56                     u337:
   317  007D56  2EE8               	decfsz	wreg,f,c
   318  007D58  D7FE               	bra	u337
   319  007D5A  2E13               	decfsz	??_main^0,f,c
   320  007D5C  D7FC               	bra	u337
   321  007D5E  2E14               	decfsz	(??_main+1)^0,f,c
   322  007D60  D7FA               	bra	u337
   323  007D62                     
   324                           ;neopixel_ws2812.c: 102:         neopixel_offLeds(8,1);
   325  007D62  0E01               	movlw	1
   326  007D64  6E0C               	movwf	neopixel_offLeds@reset^0,c
   327  007D66  0E08               	movlw	8
   328  007D68  ECB8  F03D         	call	_neopixel_offLeds
   329  007D6C                     
   330                           ;neopixel_ws2812.c: 103:         neopixel_turnFromTo(1,4,255,0,0);
   331  007D6C  0E04               	movlw	4
   332  007D6E  6E0E               	movwf	neopixel_turnFromTo@indexT^0,c
   333  007D70  0EFF               	movlw	255
   334  007D72  6E0F               	movwf	neopixel_turnFromTo@r^0,c
   335  007D74  0E00               	movlw	0
   336  007D76  6E10               	movwf	neopixel_turnFromTo@g^0,c
   337  007D78  0E00               	movlw	0
   338  007D7A  6E11               	movwf	neopixel_turnFromTo@b^0,c
   339  007D7C  0E01               	movlw	1
   340  007D7E  ECD3  F03D         	call	_neopixel_turnFromTo
   341  007D82                     
   342                           ;neopixel_ws2812.c: 104:         _delay((unsigned long)((250)*(48000000/4000.0)));
   343  007D82  0E10               	movlw	16
   344  007D84  6E14               	movwf	(??_main+1)^0,c
   345  007D86  0E39               	movlw	57
   346  007D88  6E13               	movwf	??_main^0,c
   347  007D8A  0E0E               	movlw	14
   348  007D8C                     u347:
   349  007D8C  2EE8               	decfsz	wreg,f,c
   350  007D8E  D7FE               	bra	u347
   351  007D90  2E13               	decfsz	??_main^0,f,c
   352  007D92  D7FC               	bra	u347
   353  007D94  2E14               	decfsz	(??_main+1)^0,f,c
   354  007D96  D7FA               	bra	u347
   355  007D98                     
   356                           ;neopixel_ws2812.c: 105:         neopixel_offLeds(8,1);
   357  007D98  0E01               	movlw	1
   358  007D9A  6E0C               	movwf	neopixel_offLeds@reset^0,c
   359  007D9C  0E08               	movlw	8
   360  007D9E  ECB8  F03D         	call	_neopixel_offLeds
   361  007DA2                     
   362                           ;neopixel_ws2812.c: 108:         for(char c =0; c<8;c++){
   363  007DA2  0E00               	movlw	0
   364  007DA4  6E16               	movwf	main@c^0,c
   365  007DA6                     l1017:
   366                           
   367                           ;neopixel_ws2812.c: 109:             neopixel_turnOneLed(c+1,rv,gv,bv);
   368  007DA6  C01B  F00E         	movff	_rv,neopixel_turnOneLed@r
   369  007DAA  C01C  F00F         	movff	_gv,neopixel_turnOneLed@g
   370  007DAE  C01A  F010         	movff	_bv,neopixel_turnOneLed@b
   371  007DB2  2816               	incf	main@c^0,w,c
   372  007DB4  ECE5  F03D         	call	_neopixel_turnOneLed
   373  007DB8                     
   374                           ;neopixel_ws2812.c: 110:             _delay((unsigned long)((100)*(48000000/4000.0)));
   375  007DB8  0E07               	movlw	7
   376  007DBA  6E14               	movwf	(??_main+1)^0,c
   377  007DBC  0E17               	movlw	23
   378  007DBE  6E13               	movwf	??_main^0,c
   379  007DC0  0E6A               	movlw	106
   380  007DC2                     u357:
   381  007DC2  2EE8               	decfsz	wreg,f,c
   382  007DC4  D7FE               	bra	u357
   383  007DC6  2E13               	decfsz	??_main^0,f,c
   384  007DC8  D7FC               	bra	u357
   385  007DCA  2E14               	decfsz	(??_main+1)^0,f,c
   386  007DCC  D7FA               	bra	u357
   387  007DCE  D000               	nop2	
   388  007DD0                     
   389                           ;neopixel_ws2812.c: 111:         }
   390  007DD0  2A16               	incf	main@c^0,f,c
   391  007DD2  0E07               	movlw	7
   392  007DD4  6416               	cpfsgt	main@c^0,c
   393  007DD6  EFEF  F03E         	goto	u251
   394  007DDA  EFF1  F03E         	goto	u250
   395  007DDE                     u251:
   396  007DDE  EFD3  F03E         	goto	l1017
   397  007DE2                     u250:
   398  007DE2                     
   399                           ;neopixel_ws2812.c: 113:         for(char c =7; c>1;c--){
   400  007DE2  0E07               	movlw	7
   401  007DE4  6E17               	movwf	main@c_189^0,c
   402  007DE6                     l1031:
   403                           
   404                           ;neopixel_ws2812.c: 114:             neopixel_offLeds(8,1);
   405  007DE6  0E01               	movlw	1
   406  007DE8  6E0C               	movwf	neopixel_offLeds@reset^0,c
   407  007DEA  0E08               	movlw	8
   408  007DEC  ECB8  F03D         	call	_neopixel_offLeds
   409                           
   410                           ;neopixel_ws2812.c: 115:             neopixel_offLeds(c-1,0);
   411  007DF0  0E00               	movlw	0
   412  007DF2  6E0C               	movwf	neopixel_offLeds@reset^0,c
   413  007DF4  0417               	decf	main@c_189^0,w,c
   414  007DF6  ECB8  F03D         	call	_neopixel_offLeds
   415                           
   416                           ;neopixel_ws2812.c: 116:             neopixel_setColor(rv,gv,bv,1,1);
   417  007DFA  C01C  F002         	movff	_gv,neopixel_setColor@g
   418  007DFE  C01A  F003         	movff	_bv,neopixel_setColor@b
   419  007E02  0E01               	movlw	1
   420  007E04  6E04               	movwf	neopixel_setColor@numberOfLeds^0,c
   421  007E06  0E01               	movlw	1
   422  007E08  6E05               	movwf	neopixel_setColor@showChanges^0,c
   423  007E0A  501B               	movf	_rv^0,w,c
   424  007E0C  ECFC  F03D         	call	_neopixel_setColor
   425  007E10                     
   426                           ;neopixel_ws2812.c: 117:             _delay((unsigned long)((100)*(48000000/4000.0)));
   427  007E10  0E07               	movlw	7
   428  007E12  6E14               	movwf	(??_main+1)^0,c
   429  007E14  0E17               	movlw	23
   430  007E16  6E13               	movwf	??_main^0,c
   431  007E18  0E6A               	movlw	106
   432  007E1A                     u367:
   433  007E1A  2EE8               	decfsz	wreg,f,c
   434  007E1C  D7FE               	bra	u367
   435  007E1E  2E13               	decfsz	??_main^0,f,c
   436  007E20  D7FC               	bra	u367
   437  007E22  2E14               	decfsz	(??_main+1)^0,f,c
   438  007E24  D7FA               	bra	u367
   439  007E26  D000               	nop2	
   440  007E28                     
   441                           ;neopixel_ws2812.c: 118:         }
   442  007E28  0617               	decf	main@c_189^0,f,c
   443  007E2A  0E02               	movlw	2
   444  007E2C  6017               	cpfslt	main@c_189^0,c
   445  007E2E  EF1B  F03F         	goto	u261
   446  007E32  EF1D  F03F         	goto	u260
   447  007E36                     u261:
   448  007E36  EFF3  F03E         	goto	l1031
   449  007E3A                     u260:
   450  007E3A                     
   451                           ;neopixel_ws2812.c: 120:         for(char c = 1; c<9; c++){
   452  007E3A  0E01               	movlw	1
   453  007E3C  6E18               	movwf	main@c_190^0,c
   454  007E3E                     l1045:
   455                           
   456                           ;neopixel_ws2812.c: 121:             neopixel_turnFromTo(1,c,255,0,0);
   457  007E3E  C018  F00E         	movff	main@c_190,neopixel_turnFromTo@indexT
   458  007E42  0EFF               	movlw	255
   459  007E44  6E0F               	movwf	neopixel_turnFromTo@r^0,c
   460  007E46  0E00               	movlw	0
   461  007E48  6E10               	movwf	neopixel_turnFromTo@g^0,c
   462  007E4A  0E00               	movlw	0
   463  007E4C  6E11               	movwf	neopixel_turnFromTo@b^0,c
   464  007E4E  0E01               	movlw	1
   465  007E50  ECD3  F03D         	call	_neopixel_turnFromTo
   466  007E54                     
   467                           ;neopixel_ws2812.c: 122:             _delay((unsigned long)((100)*(48000000/4000.0)));
   468  007E54  0E07               	movlw	7
   469  007E56  6E14               	movwf	(??_main+1)^0,c
   470  007E58  0E17               	movlw	23
   471  007E5A  6E13               	movwf	??_main^0,c
   472  007E5C  0E6A               	movlw	106
   473  007E5E                     u377:
   474  007E5E  2EE8               	decfsz	wreg,f,c
   475  007E60  D7FE               	bra	u377
   476  007E62  2E13               	decfsz	??_main^0,f,c
   477  007E64  D7FC               	bra	u377
   478  007E66  2E14               	decfsz	(??_main+1)^0,f,c
   479  007E68  D7FA               	bra	u377
   480  007E6A  D000               	nop2	
   481  007E6C                     
   482                           ;neopixel_ws2812.c: 123:             neopixel_offLeds(8,1);
   483  007E6C  0E01               	movlw	1
   484  007E6E  6E0C               	movwf	neopixel_offLeds@reset^0,c
   485  007E70  0E08               	movlw	8
   486  007E72  ECB8  F03D         	call	_neopixel_offLeds
   487  007E76                     
   488                           ;neopixel_ws2812.c: 124:         }
   489  007E76  2A18               	incf	main@c_190^0,f,c
   490  007E78  0E08               	movlw	8
   491  007E7A  6418               	cpfsgt	main@c_190^0,c
   492  007E7C  EF42  F03F         	goto	u271
   493  007E80  EF44  F03F         	goto	u270
   494  007E84                     u271:
   495  007E84  EF1F  F03F         	goto	l1045
   496  007E88                     u270:
   497  007E88                     
   498                           ;neopixel_ws2812.c: 126:         for(char c = 1; c<9; c++){
   499  007E88  0E01               	movlw	1
   500  007E8A  6E19               	movwf	main@c_191^0,c
   501  007E8C                     l1059:
   502                           
   503                           ;neopixel_ws2812.c: 127:             neopixel_turnFromTo(9-c,8,255,0,0);
   504  007E8C  0E08               	movlw	8
   505  007E8E  6E0E               	movwf	neopixel_turnFromTo@indexT^0,c
   506  007E90  0EFF               	movlw	255
   507  007E92  6E0F               	movwf	neopixel_turnFromTo@r^0,c
   508  007E94  0E00               	movlw	0
   509  007E96  6E10               	movwf	neopixel_turnFromTo@g^0,c
   510  007E98  0E00               	movlw	0
   511  007E9A  6E11               	movwf	neopixel_turnFromTo@b^0,c
   512  007E9C  5019               	movf	main@c_191^0,w,c
   513  007E9E  0809               	sublw	9
   514  007EA0  ECD3  F03D         	call	_neopixel_turnFromTo
   515  007EA4                     
   516                           ;neopixel_ws2812.c: 128:             _delay((unsigned long)((100)*(48000000/4000.0)));
   517  007EA4  0E07               	movlw	7
   518  007EA6  6E14               	movwf	(??_main+1)^0,c
   519  007EA8  0E17               	movlw	23
   520  007EAA  6E13               	movwf	??_main^0,c
   521  007EAC  0E6A               	movlw	106
   522  007EAE                     u387:
   523  007EAE  2EE8               	decfsz	wreg,f,c
   524  007EB0  D7FE               	bra	u387
   525  007EB2  2E13               	decfsz	??_main^0,f,c
   526  007EB4  D7FC               	bra	u387
   527  007EB6  2E14               	decfsz	(??_main+1)^0,f,c
   528  007EB8  D7FA               	bra	u387
   529  007EBA  D000               	nop2	
   530  007EBC                     
   531                           ;neopixel_ws2812.c: 129:             neopixel_offLeds(8,1);
   532  007EBC  0E01               	movlw	1
   533  007EBE  6E0C               	movwf	neopixel_offLeds@reset^0,c
   534  007EC0  0E08               	movlw	8
   535  007EC2  ECB8  F03D         	call	_neopixel_offLeds
   536  007EC6                     
   537                           ;neopixel_ws2812.c: 130:         }
   538  007EC6  2A19               	incf	main@c_191^0,f,c
   539  007EC8  0E08               	movlw	8
   540  007ECA  6419               	cpfsgt	main@c_191^0,c
   541  007ECC  EF6A  F03F         	goto	u281
   542  007ED0  EF6C  F03F         	goto	u280
   543  007ED4                     u281:
   544  007ED4  EF46  F03F         	goto	l1059
   545  007ED8                     u280:
   546  007ED8                     
   547                           ;neopixel_ws2812.c: 132:         for(char z=0; z<4;z++){
   548  007ED8  0E00               	movlw	0
   549  007EDA  6E15               	movwf	main@z^0,c
   550  007EDC                     l1073:
   551                           
   552                           ;neopixel_ws2812.c: 133:         neopixel_setColor(255,0,0,3,0);
   553  007EDC  0E00               	movlw	0
   554  007EDE  6E02               	movwf	neopixel_setColor@g^0,c
   555  007EE0  0E00               	movlw	0
   556  007EE2  6E03               	movwf	neopixel_setColor@b^0,c
   557  007EE4  0E03               	movlw	3
   558  007EE6  6E04               	movwf	neopixel_setColor@numberOfLeds^0,c
   559  007EE8  0E00               	movlw	0
   560  007EEA  6E05               	movwf	neopixel_setColor@showChanges^0,c
   561  007EEC  0EFF               	movlw	255
   562  007EEE  ECFC  F03D         	call	_neopixel_setColor
   563                           
   564                           ;neopixel_ws2812.c: 134:         neopixel_setColor(133,44,121,2,0);
   565  007EF2  0E2C               	movlw	44
   566  007EF4  6E02               	movwf	neopixel_setColor@g^0,c
   567  007EF6  0E79               	movlw	121
   568  007EF8  6E03               	movwf	neopixel_setColor@b^0,c
   569  007EFA  0E02               	movlw	2
   570  007EFC  6E04               	movwf	neopixel_setColor@numberOfLeds^0,c
   571  007EFE  0E00               	movlw	0
   572  007F00  6E05               	movwf	neopixel_setColor@showChanges^0,c
   573  007F02  0E85               	movlw	133
   574  007F04  ECFC  F03D         	call	_neopixel_setColor
   575                           
   576                           ;neopixel_ws2812.c: 135:         neopixel_setColor(255,0,0,3,1);
   577  007F08  0E00               	movlw	0
   578  007F0A  6E02               	movwf	neopixel_setColor@g^0,c
   579  007F0C  0E00               	movlw	0
   580  007F0E  6E03               	movwf	neopixel_setColor@b^0,c
   581  007F10  0E03               	movlw	3
   582  007F12  6E04               	movwf	neopixel_setColor@numberOfLeds^0,c
   583  007F14  0E01               	movlw	1
   584  007F16  6E05               	movwf	neopixel_setColor@showChanges^0,c
   585  007F18  0EFF               	movlw	255
   586  007F1A  ECFC  F03D         	call	_neopixel_setColor
   587  007F1E                     
   588                           ;neopixel_ws2812.c: 136:         _delay((unsigned long)((200)*(48000000/4000.0)));
   589  007F1E  0E0D               	movlw	13
   590  007F20  6E14               	movwf	(??_main+1)^0,c
   591  007F22  0E2D               	movlw	45
   592  007F24  6E13               	movwf	??_main^0,c
   593  007F26  0ED8               	movlw	216
   594  007F28                     u397:
   595  007F28  2EE8               	decfsz	wreg,f,c
   596  007F2A  D7FE               	bra	u397
   597  007F2C  2E13               	decfsz	??_main^0,f,c
   598  007F2E  D7FC               	bra	u397
   599  007F30  2E14               	decfsz	(??_main+1)^0,f,c
   600  007F32  D7FA               	bra	u397
   601  007F34                     
   602                           ;neopixel_ws2812.c: 138:         neopixel_setColor(255,0,0,3,0);
   603  007F34  0E00               	movlw	0
   604  007F36  6E02               	movwf	neopixel_setColor@g^0,c
   605  007F38  0E00               	movlw	0
   606  007F3A  6E03               	movwf	neopixel_setColor@b^0,c
   607  007F3C  0E03               	movlw	3
   608  007F3E  6E04               	movwf	neopixel_setColor@numberOfLeds^0,c
   609  007F40  0E00               	movlw	0
   610  007F42  6E05               	movwf	neopixel_setColor@showChanges^0,c
   611  007F44  0EFF               	movlw	255
   612  007F46  ECFC  F03D         	call	_neopixel_setColor
   613  007F4A                     
   614                           ;neopixel_ws2812.c: 139:         neopixel_setColor(0,0,0,2,0);
   615  007F4A  0E00               	movlw	0
   616  007F4C  6E02               	movwf	neopixel_setColor@g^0,c
   617  007F4E  0E00               	movlw	0
   618  007F50  6E03               	movwf	neopixel_setColor@b^0,c
   619  007F52  0E02               	movlw	2
   620  007F54  6E04               	movwf	neopixel_setColor@numberOfLeds^0,c
   621  007F56  0E00               	movlw	0
   622  007F58  6E05               	movwf	neopixel_setColor@showChanges^0,c
   623  007F5A  0E00               	movlw	0
   624  007F5C  ECFC  F03D         	call	_neopixel_setColor
   625  007F60                     
   626                           ;neopixel_ws2812.c: 140:         neopixel_setColor(255,0,0,3,1);
   627  007F60  0E00               	movlw	0
   628  007F62  6E02               	movwf	neopixel_setColor@g^0,c
   629  007F64  0E00               	movlw	0
   630  007F66  6E03               	movwf	neopixel_setColor@b^0,c
   631  007F68  0E03               	movlw	3
   632  007F6A  6E04               	movwf	neopixel_setColor@numberOfLeds^0,c
   633  007F6C  0E01               	movlw	1
   634  007F6E  6E05               	movwf	neopixel_setColor@showChanges^0,c
   635  007F70  0EFF               	movlw	255
   636  007F72  ECFC  F03D         	call	_neopixel_setColor
   637                           
   638                           ;neopixel_ws2812.c: 141:         _delay((unsigned long)((200)*(48000000/4000.0)));
   639  007F76  0E0D               	movlw	13
   640  007F78  6E14               	movwf	(??_main+1)^0,c
   641  007F7A  0E2D               	movlw	45
   642  007F7C  6E13               	movwf	??_main^0,c
   643  007F7E  0ED8               	movlw	216
   644  007F80                     u407:
   645  007F80  2EE8               	decfsz	wreg,f,c
   646  007F82  D7FE               	bra	u407
   647  007F84  2E13               	decfsz	??_main^0,f,c
   648  007F86  D7FC               	bra	u407
   649  007F88  2E14               	decfsz	(??_main+1)^0,f,c
   650  007F8A  D7FA               	bra	u407
   651  007F8C                     
   652                           ;neopixel_ws2812.c: 142:         }
   653  007F8C  2A15               	incf	main@z^0,f,c
   654  007F8E  0E03               	movlw	3
   655  007F90  6415               	cpfsgt	main@z^0,c
   656  007F92  EFCD  F03F         	goto	u291
   657  007F96  EFCF  F03F         	goto	u290
   658  007F9A                     u291:
   659  007F9A  EF6E  F03F         	goto	l1073
   660  007F9E                     u290:
   661  007F9E                     
   662                           ;neopixel_ws2812.c: 144:         if(rv > 0){
   663  007F9E  501B               	movf	_rv^0,w,c
   664  007FA0  B4D8               	btfsc	status,2,c
   665  007FA2  EFD5  F03F         	goto	u301
   666  007FA6  EFD7  F03F         	goto	u300
   667  007FAA                     u301:
   668  007FAA  EFDE  F03F         	goto	l1091
   669  007FAE                     u300:
   670  007FAE                     
   671                           ;neopixel_ws2812.c: 145:             rv = 0;
   672  007FAE  0E00               	movlw	0
   673  007FB0  6E1B               	movwf	_rv^0,c
   674  007FB2                     
   675                           ;neopixel_ws2812.c: 146:             gv = 255;
   676  007FB2  681C               	setf	_gv^0,c
   677                           
   678                           ;neopixel_ws2812.c: 147:             bv =0;
   679  007FB4  0E00               	movlw	0
   680  007FB6  6E1A               	movwf	_bv^0,c
   681                           
   682                           ;neopixel_ws2812.c: 148:         }else if(gv > 0){
   683  007FB8  EF94  F03E         	goto	l57
   684  007FBC                     l1091:
   685  007FBC  501C               	movf	_gv^0,w,c
   686  007FBE  B4D8               	btfsc	status,2,c
   687  007FC0  EFE4  F03F         	goto	u311
   688  007FC4  EFE6  F03F         	goto	u310
   689  007FC8                     u311:
   690  007FC8  EFED  F03F         	goto	l1097
   691  007FCC                     u310:
   692  007FCC                     
   693                           ;neopixel_ws2812.c: 149:             rv =0;
   694  007FCC  0E00               	movlw	0
   695  007FCE  6E1B               	movwf	_rv^0,c
   696                           
   697                           ;neopixel_ws2812.c: 150:             gv =0;
   698  007FD0  0E00               	movlw	0
   699  007FD2  6E1C               	movwf	_gv^0,c
   700  007FD4                     
   701                           ;neopixel_ws2812.c: 151:             bv = 255;
   702  007FD4  681A               	setf	_bv^0,c
   703                           
   704                           ;neopixel_ws2812.c: 152:         }else if(bv > 0){
   705  007FD6  EF94  F03E         	goto	l57
   706  007FDA                     l1097:
   707  007FDA  501A               	movf	_bv^0,w,c
   708  007FDC  B4D8               	btfsc	status,2,c
   709  007FDE  EFF3  F03F         	goto	u321
   710  007FE2  EFF5  F03F         	goto	u320
   711  007FE6                     u321:
   712  007FE6  EFFC  F03F         	goto	l69
   713  007FEA                     u320:
   714  007FEA                     
   715                           ;neopixel_ws2812.c: 153:             rv = 255;
   716  007FEA  681B               	setf	_rv^0,c
   717  007FEC                     
   718                           ;neopixel_ws2812.c: 154:             gv =0;
   719  007FEC  0E00               	movlw	0
   720  007FEE  6E1C               	movwf	_gv^0,c
   721                           
   722                           ;neopixel_ws2812.c: 155:             bv =0;
   723  007FF0  0E00               	movlw	0
   724  007FF2  6E1A               	movwf	_bv^0,c
   725  007FF4  EF94  F03E         	goto	l57
   726  007FF8                     l69:
   727  007FF8  EF94  F03E         	goto	l57
   728  007FFC  EF00  F000         	goto	start
   729  008000                     __end_of_main:
   730                           	opt callstack 0
   731                           
   732 ;; *************** function _neopixel_turnOneLed *****************
   733 ;; Defined at:
   734 ;;		line 25 in file "./CVR_neopixel_ws2812.h"
   735 ;; Parameters:    Size  Location     Type
   736 ;;  index           1    wreg     unsigned char 
   737 ;;  r               1   13[COMRAM] unsigned char 
   738 ;;  g               1   14[COMRAM] unsigned char 
   739 ;;  b               1   15[COMRAM] unsigned char 
   740 ;; Auto vars:     Size  Location     Type
   741 ;;  index           1   16[COMRAM] unsigned char 
   742 ;; Return value:  Size  Location     Type
   743 ;;                  1    wreg      void 
   744 ;; Registers used:
   745 ;;		wreg, status,2, status,0, cstack
   746 ;; Tracked objects:
   747 ;;		On entry : 0/0
   748 ;;		On exit  : 0/0
   749 ;;		Unchanged: 0/0
   750 ;; Data sizes:     COMRAM   BANK0   BANK1   BANK2   BANK3   BANK4   BANK5   BANK6   BANK7
   751 ;;      Params:         3       0       0       0       0       0       0       0       0
   752 ;;      Locals:         1       0       0       0       0       0       0       0       0
   753 ;;      Temps:          0       0       0       0       0       0       0       0       0
   754 ;;      Totals:         4       0       0       0       0       0       0       0       0
   755 ;;Total ram usage:        4 bytes
   756 ;; Hardware stack levels used:    1
   757 ;; Hardware stack levels required when called:    3
   758 ;; This function calls:
   759 ;;		_neopixel_offLeds
   760 ;;		_neopixel_setColor
   761 ;; This function is called by:
   762 ;;		_main
   763 ;; This function uses a non-reentrant model
   764 ;;
   765                           
   766                           	psect	text1
   767  007BCA                     __ptext1:
   768                           	opt callstack 0
   769  007BCA                     _neopixel_turnOneLed:
   770                           	opt callstack 27
   771                           
   772                           ;incstack = 0
   773                           ;neopixel_turnOneLed@index stored from wreg
   774  007BCA  6E11               	movwf	neopixel_turnOneLed@index^0,c
   775  007BCC                     
   776                           ;./CVR_neopixel_ws2812.h: 26:     neopixel_offLeds(8,1);
   777  007BCC  0E01               	movlw	1
   778  007BCE  6E0C               	movwf	neopixel_offLeds@reset^0,c
   779  007BD0  0E08               	movlw	8
   780  007BD2  ECB8  F03D         	call	_neopixel_offLeds
   781                           
   782                           ;./CVR_neopixel_ws2812.h: 27:     neopixel_offLeds(index-1,0);
   783  007BD6  0E00               	movlw	0
   784  007BD8  6E0C               	movwf	neopixel_offLeds@reset^0,c
   785  007BDA  0411               	decf	neopixel_turnOneLed@index^0,w,c
   786  007BDC  ECB8  F03D         	call	_neopixel_offLeds
   787                           
   788                           ;./CVR_neopixel_ws2812.h: 28:     neopixel_setColor(r,g,b,1,1);
   789  007BE0  C00F  F002         	movff	neopixel_turnOneLed@g,neopixel_setColor@g
   790  007BE4  C010  F003         	movff	neopixel_turnOneLed@b,neopixel_setColor@b
   791  007BE8  0E01               	movlw	1
   792  007BEA  6E04               	movwf	neopixel_setColor@numberOfLeds^0,c
   793  007BEC  0E01               	movlw	1
   794  007BEE  6E05               	movwf	neopixel_setColor@showChanges^0,c
   795  007BF0  500E               	movf	neopixel_turnOneLed@r^0,w,c
   796  007BF2  ECFC  F03D         	call	_neopixel_setColor
   797  007BF6  0012               	return		;funcret
   798  007BF8                     __end_of_neopixel_turnOneLed:
   799                           	opt callstack 0
   800                           
   801 ;; *************** function _neopixel_turnFromTo *****************
   802 ;; Defined at:
   803 ;;		line 30 in file "./CVR_neopixel_ws2812.h"
   804 ;; Parameters:    Size  Location     Type
   805 ;;  indexF          1    wreg     unsigned char 
   806 ;;  indexT          1   13[COMRAM] unsigned char 
   807 ;;  r               1   14[COMRAM] unsigned char 
   808 ;;  g               1   15[COMRAM] unsigned char 
   809 ;;  b               1   16[COMRAM] unsigned char 
   810 ;; Auto vars:     Size  Location     Type
   811 ;;  indexF          1   17[COMRAM] unsigned char 
   812 ;; Return value:  Size  Location     Type
   813 ;;                  1    wreg      void 
   814 ;; Registers used:
   815 ;;		wreg, status,2, status,0, cstack
   816 ;; Tracked objects:
   817 ;;		On entry : 0/0
   818 ;;		On exit  : 0/0
   819 ;;		Unchanged: 0/0
   820 ;; Data sizes:     COMRAM   BANK0   BANK1   BANK2   BANK3   BANK4   BANK5   BANK6   BANK7
   821 ;;      Params:         4       0       0       0       0       0       0       0       0
   822 ;;      Locals:         1       0       0       0       0       0       0       0       0
   823 ;;      Temps:          0       0       0       0       0       0       0       0       0
   824 ;;      Totals:         5       0       0       0       0       0       0       0       0
   825 ;;Total ram usage:        5 bytes
   826 ;; Hardware stack levels used:    1
   827 ;; Hardware stack levels required when called:    3
   828 ;; This function calls:
   829 ;;		_neopixel_offLeds
   830 ;;		_neopixel_setColor
   831 ;; This function is called by:
   832 ;;		_main
   833 ;; This function uses a non-reentrant model
   834 ;;
   835                           
   836                           	psect	text2
   837  007BA6                     __ptext2:
   838                           	opt callstack 0
   839  007BA6                     _neopixel_turnFromTo:
   840                           	opt callstack 27
   841                           
   842                           ;incstack = 0
   843                           ;neopixel_turnFromTo@indexF stored from wreg
   844  007BA6  6E12               	movwf	neopixel_turnFromTo@indexF^0,c
   845  007BA8                     
   846                           ;./CVR_neopixel_ws2812.h: 31:     neopixel_offLeds(indexF - 1, 0);
   847  007BA8  0E00               	movlw	0
   848  007BAA  6E0C               	movwf	neopixel_offLeds@reset^0,c
   849  007BAC  0412               	decf	neopixel_turnFromTo@indexF^0,w,c
   850  007BAE  ECB8  F03D         	call	_neopixel_offLeds
   851                           
   852                           ;./CVR_neopixel_ws2812.h: 32:     neopixel_setColor(r,g,b,indexT,1);
   853  007BB2  C010  F002         	movff	neopixel_turnFromTo@g,neopixel_setColor@g
   854  007BB6  C011  F003         	movff	neopixel_turnFromTo@b,neopixel_setColor@b
   855  007BBA  C00E  F004         	movff	neopixel_turnFromTo@indexT,neopixel_setColor@numberOfLeds
   856  007BBE  0E01               	movlw	1
   857  007BC0  6E05               	movwf	neopixel_setColor@showChanges^0,c
   858  007BC2  500F               	movf	neopixel_turnFromTo@r^0,w,c
   859  007BC4  ECFC  F03D         	call	_neopixel_setColor
   860  007BC8  0012               	return		;funcret
   861  007BCA                     __end_of_neopixel_turnFromTo:
   862                           	opt callstack 0
   863                           
   864 ;; *************** function _neopixel_offLeds *****************
   865 ;; Defined at:
   866 ;;		line 34 in file "./CVR_neopixel_ws2812.h"
   867 ;; Parameters:    Size  Location     Type
   868 ;;  index           1    wreg     unsigned char 
   869 ;;  reset           1   11[COMRAM] unsigned char 
   870 ;; Auto vars:     Size  Location     Type
   871 ;;  index           1   12[COMRAM] unsigned char 
   872 ;; Return value:  Size  Location     Type
   873 ;;                  1    wreg      void 
   874 ;; Registers used:
   875 ;;		wreg, status,2, status,0, cstack
   876 ;; Tracked objects:
   877 ;;		On entry : 0/0
   878 ;;		On exit  : 0/0
   879 ;;		Unchanged: 0/0
   880 ;; Data sizes:     COMRAM   BANK0   BANK1   BANK2   BANK3   BANK4   BANK5   BANK6   BANK7
   881 ;;      Params:         1       0       0       0       0       0       0       0       0
   882 ;;      Locals:         1       0       0       0       0       0       0       0       0
   883 ;;      Temps:          0       0       0       0       0       0       0       0       0
   884 ;;      Totals:         2       0       0       0       0       0       0       0       0
   885 ;;Total ram usage:        2 bytes
   886 ;; Hardware stack levels used:    1
   887 ;; Hardware stack levels required when called:    2
   888 ;; This function calls:
   889 ;;		_neopixel_setColor
   890 ;; This function is called by:
   891 ;;		_neopixel_turnOneLed
   892 ;;		_neopixel_turnFromTo
   893 ;;		_main
   894 ;; This function uses a non-reentrant model
   895 ;;
   896                           
   897                           	psect	text3
   898  007B70                     __ptext3:
   899                           	opt callstack 0
   900  007B70                     _neopixel_offLeds:
   901                           	opt callstack 27
   902                           
   903                           ;incstack = 0
   904                           ;neopixel_offLeds@index stored from wreg
   905  007B70  6E0D               	movwf	neopixel_offLeds@index^0,c
   906  007B72                     
   907                           ;./CVR_neopixel_ws2812.h: 35:     neopixel_setColor(0,0,0,index,reset);
   908  007B72  0E00               	movlw	0
   909  007B74  6E02               	movwf	neopixel_setColor@g^0,c
   910  007B76  0E00               	movlw	0
   911  007B78  6E03               	movwf	neopixel_setColor@b^0,c
   912  007B7A  C00D  F004         	movff	neopixel_offLeds@index,neopixel_setColor@numberOfLeds
   913  007B7E  C00C  F005         	movff	neopixel_offLeds@reset,neopixel_setColor@showChanges
   914  007B82  0E00               	movlw	0
   915  007B84  ECFC  F03D         	call	_neopixel_setColor
   916  007B88  0012               	return		;funcret
   917  007B8A                     __end_of_neopixel_offLeds:
   918                           	opt callstack 0
   919                           
   920 ;; *************** function _neopixel_setColor *****************
   921 ;; Defined at:
   922 ;;		line 37 in file "./CVR_neopixel_ws2812.h"
   923 ;; Parameters:    Size  Location     Type
   924 ;;  r               1    wreg     unsigned char 
   925 ;;  g               1    1[COMRAM] unsigned char 
   926 ;;  b               1    2[COMRAM] unsigned char 
   927 ;;  numberOfLeds    1    3[COMRAM] unsigned char 
   928 ;;  showChanges     1    4[COMRAM] unsigned char 
   929 ;; Auto vars:     Size  Location     Type
   930 ;;  r               1    5[COMRAM] unsigned char 
   931 ;;  x               1    9[COMRAM] unsigned char 
   932 ;;  x               1    8[COMRAM] unsigned char 
   933 ;;  x               1    7[COMRAM] unsigned char 
   934 ;;  val             1   10[COMRAM] unsigned char 
   935 ;;  i               1    6[COMRAM] unsigned char 
   936 ;; Return value:  Size  Location     Type
   937 ;;                  1    wreg      void 
   938 ;; Registers used:
   939 ;;		wreg, status,2, status,0, cstack
   940 ;; Tracked objects:
   941 ;;		On entry : 0/0
   942 ;;		On exit  : 0/0
   943 ;;		Unchanged: 0/0
   944 ;; Data sizes:     COMRAM   BANK0   BANK1   BANK2   BANK3   BANK4   BANK5   BANK6   BANK7
   945 ;;      Params:         4       0       0       0       0       0       0       0       0
   946 ;;      Locals:         6       0       0       0       0       0       0       0       0
   947 ;;      Temps:          0       0       0       0       0       0       0       0       0
   948 ;;      Totals:        10       0       0       0       0       0       0       0       0
   949 ;;Total ram usage:       10 bytes
   950 ;; Hardware stack levels used:    1
   951 ;; Hardware stack levels required when called:    1
   952 ;; This function calls:
   953 ;;		_neopixel_reset
   954 ;; This function is called by:
   955 ;;		_neopixel_turnOneLed
   956 ;;		_neopixel_turnFromTo
   957 ;;		_neopixel_offLeds
   958 ;;		_main
   959 ;; This function uses a non-reentrant model
   960 ;;
   961                           
   962                           	psect	text4
   963  007BF8                     __ptext4:
   964                           	opt callstack 0
   965  007BF8                     _neopixel_setColor:
   966                           	opt callstack 28
   967                           
   968                           ;incstack = 0
   969                           ;neopixel_setColor@r stored from wreg
   970  007BF8  6E06               	movwf	neopixel_setColor@r^0,c
   971  007BFA                     
   972                           ;./CVR_neopixel_ws2812.h: 38:     for(char i =0; i < numberOfLeds; i++){
   973  007BFA  0E00               	movlw	0
   974  007BFC  6E07               	movwf	neopixel_setColor@i^0,c
   975  007BFE  EF80  F03E         	goto	l983
   976  007C02                     l28:
   977                           
   978                           ;./CVR_neopixel_ws2812.h: 39:         char val = g;
   979  007C02  C002  F00B         	movff	neopixel_setColor@g,neopixel_setColor@val
   980  007C06                     
   981                           ;./CVR_neopixel_ws2812.h: 40:         for(char x =0; x<8; x++){
   982  007C06  0E00               	movlw	0
   983  007C08  6E08               	movwf	neopixel_setColor@x^0,c
   984  007C0A                     l29:
   985                           
   986                           ;./CVR_neopixel_ws2812.h: 41:             if((val & 0x80) == 0){
   987  007C0A  BE0B               	btfsc	neopixel_setColor@val^0,7,c
   988  007C0C  EF0A  F03E         	goto	u171
   989  007C10  EF0C  F03E         	goto	u170
   990  007C14                     u171:
   991  007C14  EF15  F03E         	goto	l31
   992  007C18                     u170:
   993  007C18                     
   994                           ;./CVR_neopixel_ws2812.h: 42:                 PORTBbits.RB0 = 1;
   995  007C18  8081               	bsf	129,0,c	;volatile
   996                           
   997                           ;./CVR_neopixel_ws2812.h: 43:                 _delay((unsigned long)((0.35)*(48000000/40
      +                          00000.0)));
   998  007C1A  D000               	nop2		;2 cycle nop
   999  007C1C  D000               	nop2		;2 cycle nop
  1000                           
  1001                           ;./CVR_neopixel_ws2812.h: 44:                 PORTBbits.RB0 = 0;
  1002  007C1E  9081               	bcf	129,0,c	;volatile
  1003  007C20                     
  1004                           ;./CVR_neopixel_ws2812.h: 45:                 _delay((unsigned long)((0.8)*(48000000/400
      +                          0000.0)));
  1005  007C20  0E03               	movlw	3
  1006  007C22                     u417:
  1007  007C22  2EE8               	decfsz	wreg,f,c
  1008  007C24  D7FE               	bra	u417
  1009                           
  1010                           ;./CVR_neopixel_ws2812.h: 46:             }else{
  1011  007C26  EF1F  F03E         	goto	l943
  1012  007C2A                     l31:
  1013                           
  1014                           ;./CVR_neopixel_ws2812.h: 47:                 PORTBbits.RB0 = 1;
  1015  007C2A  8081               	bsf	129,0,c	;volatile
  1016                           
  1017                           ;./CVR_neopixel_ws2812.h: 48:                 _delay((unsigned long)((0.7)*(48000000/400
      +                          0000.0)));
  1018  007C2C  D000               	nop2		;2 cycle nop
  1019  007C2E  D000               	nop2		;2 cycle nop
  1020  007C30  D000               	nop2		;2 cycle nop
  1021  007C32  D000               	nop2		;2 cycle nop
  1022                           
  1023                           ;./CVR_neopixel_ws2812.h: 49:                 PORTBbits.RB0 = 0;
  1024  007C34  9081               	bcf	129,0,c	;volatile
  1025                           
  1026                           ;./CVR_neopixel_ws2812.h: 50:                 _delay((unsigned long)((0.6)*(48000000/400
      +                          0000.0)));
  1027  007C36  D000               	nop2		;2 cycle nop
  1028  007C38  D000               	nop2		;2 cycle nop
  1029  007C3A  D000               	nop2		;2 cycle nop
  1030  007C3C  F000               	nop	
  1031  007C3E                     l943:
  1032                           
  1033                           ;./CVR_neopixel_ws2812.h: 52:             val = val << 1;
  1034  007C3E  500B               	movf	neopixel_setColor@val^0,w,c
  1035  007C40  240B               	addwf	neopixel_setColor@val^0,w,c
  1036  007C42  6E0B               	movwf	neopixel_setColor@val^0,c
  1037  007C44                     
  1038                           ;./CVR_neopixel_ws2812.h: 53:         }
  1039  007C44  2A08               	incf	neopixel_setColor@x^0,f,c
  1040  007C46  0E07               	movlw	7
  1041  007C48  6408               	cpfsgt	neopixel_setColor@x^0,c
  1042  007C4A  EF29  F03E         	goto	u181
  1043  007C4E  EF2B  F03E         	goto	u180
  1044  007C52                     u181:
  1045  007C52  EF05  F03E         	goto	l29
  1046  007C56                     u180:
  1047  007C56                     
  1048                           ;./CVR_neopixel_ws2812.h: 54:         val = r;
  1049  007C56  C006  F00B         	movff	neopixel_setColor@r,neopixel_setColor@val
  1050  007C5A                     
  1051                           ;./CVR_neopixel_ws2812.h: 55:         for(char x =0; x<8; x++){
  1052  007C5A  0E00               	movlw	0
  1053  007C5C  6E09               	movwf	neopixel_setColor@x_174^0,c
  1054  007C5E                     l33:
  1055                           
  1056                           ;./CVR_neopixel_ws2812.h: 56:             if((val & 0x80) == 0){
  1057  007C5E  BE0B               	btfsc	neopixel_setColor@val^0,7,c
  1058  007C60  EF34  F03E         	goto	u191
  1059  007C64  EF36  F03E         	goto	u190
  1060  007C68                     u191:
  1061  007C68  EF3F  F03E         	goto	l35
  1062  007C6C                     u190:
  1063  007C6C                     
  1064                           ;./CVR_neopixel_ws2812.h: 57:                 PORTBbits.RB0 = 1;
  1065  007C6C  8081               	bsf	129,0,c	;volatile
  1066                           
  1067                           ;./CVR_neopixel_ws2812.h: 58:                 _delay((unsigned long)((0.35)*(48000000/40
      +                          00000.0)));
  1068  007C6E  D000               	nop2		;2 cycle nop
  1069  007C70  D000               	nop2		;2 cycle nop
  1070                           
  1071                           ;./CVR_neopixel_ws2812.h: 59:                 PORTBbits.RB0 = 0;
  1072  007C72  9081               	bcf	129,0,c	;volatile
  1073  007C74                     
  1074                           ;./CVR_neopixel_ws2812.h: 60:                 _delay((unsigned long)((0.8)*(48000000/400
      +                          0000.0)));
  1075  007C74  0E03               	movlw	3
  1076  007C76                     u427:
  1077  007C76  2EE8               	decfsz	wreg,f,c
  1078  007C78  D7FE               	bra	u427
  1079                           
  1080                           ;./CVR_neopixel_ws2812.h: 61:             }else{
  1081  007C7A  EF49  F03E         	goto	l959
  1082  007C7E                     l35:
  1083                           
  1084                           ;./CVR_neopixel_ws2812.h: 62:                 PORTBbits.RB0 = 1;
  1085  007C7E  8081               	bsf	129,0,c	;volatile
  1086                           
  1087                           ;./CVR_neopixel_ws2812.h: 63:                 _delay((unsigned long)((0.7)*(48000000/400
      +                          0000.0)));
  1088  007C80  D000               	nop2		;2 cycle nop
  1089  007C82  D000               	nop2		;2 cycle nop
  1090  007C84  D000               	nop2		;2 cycle nop
  1091  007C86  D000               	nop2		;2 cycle nop
  1092                           
  1093                           ;./CVR_neopixel_ws2812.h: 64:                 PORTBbits.RB0 = 0;
  1094  007C88  9081               	bcf	129,0,c	;volatile
  1095                           
  1096                           ;./CVR_neopixel_ws2812.h: 65:                 _delay((unsigned long)((0.6)*(48000000/400
      +                          0000.0)));
  1097  007C8A  D000               	nop2		;2 cycle nop
  1098  007C8C  D000               	nop2		;2 cycle nop
  1099  007C8E  D000               	nop2		;2 cycle nop
  1100  007C90  F000               	nop	
  1101  007C92                     l959:
  1102                           
  1103                           ;./CVR_neopixel_ws2812.h: 67:             val = val << 1;
  1104  007C92  500B               	movf	neopixel_setColor@val^0,w,c
  1105  007C94  240B               	addwf	neopixel_setColor@val^0,w,c
  1106  007C96  6E0B               	movwf	neopixel_setColor@val^0,c
  1107  007C98                     
  1108                           ;./CVR_neopixel_ws2812.h: 68:         }
  1109  007C98  2A09               	incf	neopixel_setColor@x_174^0,f,c
  1110  007C9A  0E07               	movlw	7
  1111  007C9C  6409               	cpfsgt	neopixel_setColor@x_174^0,c
  1112  007C9E  EF53  F03E         	goto	u201
  1113  007CA2  EF55  F03E         	goto	u200
  1114  007CA6                     u201:
  1115  007CA6  EF2F  F03E         	goto	l33
  1116  007CAA                     u200:
  1117  007CAA                     
  1118                           ;./CVR_neopixel_ws2812.h: 69:         val = b;
  1119  007CAA  C003  F00B         	movff	neopixel_setColor@b,neopixel_setColor@val
  1120  007CAE                     
  1121                           ;./CVR_neopixel_ws2812.h: 70:         for(char x =0; x<8; x++){
  1122  007CAE  0E00               	movlw	0
  1123  007CB0  6E0A               	movwf	neopixel_setColor@x_175^0,c
  1124  007CB2                     l37:
  1125                           
  1126                           ;./CVR_neopixel_ws2812.h: 71:             if((val & 0x80) == 0){
  1127  007CB2  BE0B               	btfsc	neopixel_setColor@val^0,7,c
  1128  007CB4  EF5E  F03E         	goto	u211
  1129  007CB8  EF60  F03E         	goto	u210
  1130  007CBC                     u211:
  1131  007CBC  EF69  F03E         	goto	l39
  1132  007CC0                     u210:
  1133  007CC0                     
  1134                           ;./CVR_neopixel_ws2812.h: 72:                 PORTBbits.RB0 = 1;
  1135  007CC0  8081               	bsf	129,0,c	;volatile
  1136                           
  1137                           ;./CVR_neopixel_ws2812.h: 73:                 _delay((unsigned long)((0.35)*(48000000/40
      +                          00000.0)));
  1138  007CC2  D000               	nop2		;2 cycle nop
  1139  007CC4  D000               	nop2		;2 cycle nop
  1140                           
  1141                           ;./CVR_neopixel_ws2812.h: 74:                 PORTBbits.RB0 = 0;
  1142  007CC6  9081               	bcf	129,0,c	;volatile
  1143  007CC8                     
  1144                           ;./CVR_neopixel_ws2812.h: 75:                 _delay((unsigned long)((0.8)*(48000000/400
      +                          0000.0)));
  1145  007CC8  0E03               	movlw	3
  1146  007CCA                     u437:
  1147  007CCA  2EE8               	decfsz	wreg,f,c
  1148  007CCC  D7FE               	bra	u437
  1149                           
  1150                           ;./CVR_neopixel_ws2812.h: 76:             }else{
  1151  007CCE  EF73  F03E         	goto	l975
  1152  007CD2                     l39:
  1153                           
  1154                           ;./CVR_neopixel_ws2812.h: 77:                 PORTBbits.RB0 = 1;
  1155  007CD2  8081               	bsf	129,0,c	;volatile
  1156                           
  1157                           ;./CVR_neopixel_ws2812.h: 78:                 _delay((unsigned long)((0.7)*(48000000/400
      +                          0000.0)));
  1158  007CD4  D000               	nop2		;2 cycle nop
  1159  007CD6  D000               	nop2		;2 cycle nop
  1160  007CD8  D000               	nop2		;2 cycle nop
  1161  007CDA  D000               	nop2		;2 cycle nop
  1162                           
  1163                           ;./CVR_neopixel_ws2812.h: 79:                 PORTBbits.RB0 = 0;
  1164  007CDC  9081               	bcf	129,0,c	;volatile
  1165                           
  1166                           ;./CVR_neopixel_ws2812.h: 80:                 _delay((unsigned long)((0.6)*(48000000/400
      +                          0000.0)));
  1167  007CDE  D000               	nop2		;2 cycle nop
  1168  007CE0  D000               	nop2		;2 cycle nop
  1169  007CE2  D000               	nop2		;2 cycle nop
  1170  007CE4  F000               	nop	
  1171  007CE6                     l975:
  1172                           
  1173                           ;./CVR_neopixel_ws2812.h: 82:             val = val << 1;
  1174  007CE6  500B               	movf	neopixel_setColor@val^0,w,c
  1175  007CE8  240B               	addwf	neopixel_setColor@val^0,w,c
  1176  007CEA  6E0B               	movwf	neopixel_setColor@val^0,c
  1177  007CEC                     
  1178                           ;./CVR_neopixel_ws2812.h: 83:         }
  1179  007CEC  2A0A               	incf	neopixel_setColor@x_175^0,f,c
  1180  007CEE  0E07               	movlw	7
  1181  007CF0  640A               	cpfsgt	neopixel_setColor@x_175^0,c
  1182  007CF2  EF7D  F03E         	goto	u221
  1183  007CF6  EF7F  F03E         	goto	u220
  1184  007CFA                     u221:
  1185  007CFA  EF59  F03E         	goto	l37
  1186  007CFE                     u220:
  1187  007CFE                     
  1188                           ;./CVR_neopixel_ws2812.h: 84:     }
  1189  007CFE  2A07               	incf	neopixel_setColor@i^0,f,c
  1190  007D00                     l983:
  1191  007D00  5004               	movf	neopixel_setColor@numberOfLeds^0,w,c
  1192  007D02  5C07               	subwf	neopixel_setColor@i^0,w,c
  1193  007D04  A0D8               	btfss	status,0,c
  1194  007D06  EF87  F03E         	goto	u231
  1195  007D0A  EF89  F03E         	goto	u230
  1196  007D0E                     u231:
  1197  007D0E  EF01  F03E         	goto	l28
  1198  007D12                     u230:
  1199  007D12                     
  1200                           ;./CVR_neopixel_ws2812.h: 85:     if(showChanges == 1){
  1201  007D12  0405               	decf	neopixel_setColor@showChanges^0,w,c
  1202  007D14  A4D8               	btfss	status,2,c
  1203  007D16  EF8F  F03E         	goto	u241
  1204  007D1A  EF91  F03E         	goto	u240
  1205  007D1E                     u241:
  1206  007D1E  EF93  F03E         	goto	l43
  1207  007D22                     u240:
  1208  007D22                     
  1209                           ;./CVR_neopixel_ws2812.h: 86:         neopixel_reset();
  1210  007D22  ECAE  F03D         	call	_neopixel_reset	;wreg free
  1211  007D26                     l43:
  1212  007D26  0012               	return		;funcret
  1213  007D28                     __end_of_neopixel_setColor:
  1214                           	opt callstack 0
  1215                           
  1216 ;; *************** function _neopixel_reset *****************
  1217 ;; Defined at:
  1218 ;;		line 90 in file "./CVR_neopixel_ws2812.h"
  1219 ;; Parameters:    Size  Location     Type
  1220 ;;		None
  1221 ;; Auto vars:     Size  Location     Type
  1222 ;;		None
  1223 ;; Return value:  Size  Location     Type
  1224 ;;                  1    wreg      void 
  1225 ;; Registers used:
  1226 ;;		wreg
  1227 ;; Tracked objects:
  1228 ;;		On entry : 0/0
  1229 ;;		On exit  : 0/0
  1230 ;;		Unchanged: 0/0
  1231 ;; Data sizes:     COMRAM   BANK0   BANK1   BANK2   BANK3   BANK4   BANK5   BANK6   BANK7
  1232 ;;      Params:         0       0       0       0       0       0       0       0       0
  1233 ;;      Locals:         0       0       0       0       0       0       0       0       0
  1234 ;;      Temps:          1       0       0       0       0       0       0       0       0
  1235 ;;      Totals:         1       0       0       0       0       0       0       0       0
  1236 ;;Total ram usage:        1 bytes
  1237 ;; Hardware stack levels used:    1
  1238 ;; This function calls:
  1239 ;;		Nothing
  1240 ;; This function is called by:
  1241 ;;		_neopixel_setColor
  1242 ;; This function uses a non-reentrant model
  1243 ;;
  1244                           
  1245                           	psect	text5
  1246  007B5C                     __ptext5:
  1247                           	opt callstack 0
  1248  007B5C                     _neopixel_reset:
  1249                           	opt callstack 28
  1250  007B5C                     
  1251                           ;./CVR_neopixel_ws2812.h: 91:     PORTBbits.RB0 = 0;
  1252  007B5C  9081               	bcf	129,0,c	;volatile
  1253  007B5E                     
  1254                           ;./CVR_neopixel_ws2812.h: 92:     _delay((unsigned long)((1)*(48000000/4000.0)));
  1255  007B5E  0E10               	movlw	16
  1256  007B60  6E01               	movwf	??_neopixel_reset^0,c
  1257  007B62  0E94               	movlw	148
  1258  007B64                     u447:
  1259  007B64  2EE8               	decfsz	wreg,f,c
  1260  007B66  D7FE               	bra	u447
  1261  007B68  2E01               	decfsz	??_neopixel_reset^0,f,c
  1262  007B6A  D7FC               	bra	u447
  1263  007B6C  D000               	nop2	
  1264  007B6E  0012               	return		;funcret
  1265  007B70                     __end_of_neopixel_reset:
  1266                           	opt callstack 0
  1267                           
  1268 ;; *************** function _neopixel_init *****************
  1269 ;; Defined at:
  1270 ;;		line 19 in file "./CVR_neopixel_ws2812.h"
  1271 ;; Parameters:    Size  Location     Type
  1272 ;;		None
  1273 ;; Auto vars:     Size  Location     Type
  1274 ;;		None
  1275 ;; Return value:  Size  Location     Type
  1276 ;;                  1    wreg      void 
  1277 ;; Registers used:
  1278 ;;		wreg
  1279 ;; Tracked objects:
  1280 ;;		On entry : 0/0
  1281 ;;		On exit  : 0/0
  1282 ;;		Unchanged: 0/0
  1283 ;; Data sizes:     COMRAM   BANK0   BANK1   BANK2   BANK3   BANK4   BANK5   BANK6   BANK7
  1284 ;;      Params:         0       0       0       0       0       0       0       0       0
  1285 ;;      Locals:         0       0       0       0       0       0       0       0       0
  1286 ;;      Temps:          0       0       0       0       0       0       0       0       0
  1287 ;;      Totals:         0       0       0       0       0       0       0       0       0
  1288 ;;Total ram usage:        0 bytes
  1289 ;; Hardware stack levels used:    1
  1290 ;; This function calls:
  1291 ;;		Nothing
  1292 ;; This function is called by:
  1293 ;;		_main
  1294 ;; This function uses a non-reentrant model
  1295 ;;
  1296                           
  1297                           	psect	text6
  1298  007B50                     __ptext6:
  1299                           	opt callstack 0
  1300  007B50                     _neopixel_init:
  1301                           	opt callstack 30
  1302  007B50                     
  1303                           ;./CVR_neopixel_ws2812.h: 20:     TRISBbits.RB0 = 0;
  1304  007B50  9093               	bcf	147,0,c	;volatile
  1305                           
  1306                           ;./CVR_neopixel_ws2812.h: 21:     PORTBbits.RB0 = 0;
  1307  007B52  9081               	bcf	129,0,c	;volatile
  1308  007B54                     
  1309                           ;./CVR_neopixel_ws2812.h: 22:     _delay((unsigned long)((50)*(48000000/4000000.0)));
  1310  007B54  0EC8               	movlw	200
  1311  007B56                     u457:
  1312  007B56  2EE8               	decfsz	wreg,f,c
  1313  007B58  D7FE               	bra	u457
  1314  007B5A  0012               	return		;funcret
  1315  007B5C                     __end_of_neopixel_init:
  1316                           	opt callstack 0
  1317  0000                     
  1318                           	psect	rparam
  1319  0000                     tosu	equ	0xFFF
  1320                           tosh	equ	0xFFE
  1321                           tosl	equ	0xFFD
  1322                           stkptr	equ	0xFFC
  1323                           pclatu	equ	0xFFB
  1324                           pclath	equ	0xFFA
  1325                           pcl	equ	0xFF9
  1326                           tblptru	equ	0xFF8
  1327                           tblptrh	equ	0xFF7
  1328                           tblptrl	equ	0xFF6
  1329                           tablat	equ	0xFF5
  1330                           prodh	equ	0xFF4
  1331                           prodl	equ	0xFF3
  1332                           indf0	equ	0xFEF
  1333                           postinc0	equ	0xFEE
  1334                           postdec0	equ	0xFED
  1335                           preinc0	equ	0xFEC
  1336                           plusw0	equ	0xFEB
  1337                           fsr0h	equ	0xFEA
  1338                           fsr0l	equ	0xFE9
  1339                           wreg	equ	0xFE8
  1340                           indf1	equ	0xFE7
  1341                           postinc1	equ	0xFE6
  1342                           postdec1	equ	0xFE5
  1343                           preinc1	equ	0xFE4
  1344                           plusw1	equ	0xFE3
  1345                           fsr1h	equ	0xFE2
  1346                           fsr1l	equ	0xFE1
  1347                           bsr	equ	0xFE0
  1348                           indf2	equ	0xFDF
  1349                           postinc2	equ	0xFDE
  1350                           postdec2	equ	0xFDD
  1351                           preinc2	equ	0xFDC
  1352                           plusw2	equ	0xFDB
  1353                           fsr2h	equ	0xFDA
  1354                           fsr2l	equ	0xFD9
  1355                           status	equ	0xFD8


Data Sizes:
    Strings     0
    Constant    0
    Data        1
    BSS         2
    Persistent  0
    Stack       0

Auto Spaces:
    Space          Size  Autos    Used
    COMRAM           95     25      28
    BANK0           160      0       0
    BANK1           256      0       0
    BANK2           256      0       0
    BANK3           256      0       0
    BANK4           256      0       0
    BANK5           256      0       0
    BANK6           256      0       0
    BANK7           256      0       0

Pointer List with Targets:

    None.

Critical Paths under _main in COMRAM

    _main->_neopixel_turnFromTo
    _neopixel_turnOneLed->_neopixel_offLeds
    _neopixel_turnFromTo->_neopixel_offLeds
    _neopixel_offLeds->_neopixel_setColor
    _neopixel_setColor->_neopixel_reset

Critical Paths under _main in BANK0

    None.

Critical Paths under _main in BANK1

    None.

Critical Paths under _main in BANK2

    None.

Critical Paths under _main in BANK3

    None.

Critical Paths under _main in BANK4

    None.

Critical Paths under _main in BANK5

    None.

Critical Paths under _main in BANK6

    None.

Critical Paths under _main in BANK7

    None.

Call Graph Tables:

 ---------------------------------------------------------------------------------
 (Depth) Function   	        Calls       Base Space   Used Autos Params    Refs
 ---------------------------------------------------------------------------------
 (0) _main                                                 7     7      0   25072
                                             18 COMRAM     7     7      0
                      _neopixel_init
                   _neopixel_offLeds
                  _neopixel_setColor
                _neopixel_turnFromTo
                _neopixel_turnOneLed
 ---------------------------------------------------------------------------------
 (1) _neopixel_turnOneLed                                  4     1      3    8020
                                             13 COMRAM     4     1      3
                   _neopixel_offLeds
                  _neopixel_setColor
 ---------------------------------------------------------------------------------
 (1) _neopixel_turnFromTo                                  5     1      4    9030
                                             13 COMRAM     5     1      4
                   _neopixel_offLeds
                  _neopixel_setColor
 ---------------------------------------------------------------------------------
 (2) _neopixel_offLeds                                     2     1      1    4254
                                             11 COMRAM     2     1      1
                  _neopixel_setColor
 ---------------------------------------------------------------------------------
 (2) _neopixel_setColor                                   10     6      4    3450
                                              1 COMRAM    10     6      4
                     _neopixel_reset
 ---------------------------------------------------------------------------------
 (3) _neopixel_reset                                       1     1      0       0
                                              0 COMRAM     1     1      0
 ---------------------------------------------------------------------------------
 (1) _neopixel_init                                        0     0      0       0
 ---------------------------------------------------------------------------------
 Estimated maximum stack depth 3
 ---------------------------------------------------------------------------------

 Call Graph Graphs:

 _main (ROOT)
   _neopixel_init
   _neopixel_offLeds
     _neopixel_setColor
       _neopixel_reset
   _neopixel_setColor
     _neopixel_reset
   _neopixel_turnFromTo
     _neopixel_offLeds
       _neopixel_setColor
         _neopixel_reset
     _neopixel_setColor
       _neopixel_reset
   _neopixel_turnOneLed
     _neopixel_offLeds
       _neopixel_setColor
         _neopixel_reset
     _neopixel_setColor
       _neopixel_reset

 Address spaces:
Name               Size   Autos  Total    Cost      Usage
BIGRAM             7FF      0       0      21        0.0%
EEDATA             100      0       0       0        0.0%
BITBANK7           100      0       0      18        0.0%
BANK7              100      0       0      19        0.0%
BITBANK6           100      0       0      16        0.0%
BANK6              100      0       0      17        0.0%
BITBANK5           100      0       0      14        0.0%
BANK5              100      0       0      15        0.0%
BITBANK4           100      0       0      12        0.0%
BANK4              100      0       0      13        0.0%
BITBANK3           100      0       0      10        0.0%
BANK3              100      0       0      11        0.0%
BITBANK2           100      0       0       8        0.0%
BANK2              100      0       0       9        0.0%
BITBANK1           100      0       0       6        0.0%
BANK1              100      0       0       7        0.0%
BITBANK0            A0      0       0       4        0.0%
BANK0               A0      0       0       5        0.0%
BITCOMRAM           5F      0       0       0        0.0%
COMRAM              5F     19      1C       1       29.5%
BITSFR               0      0       0     200        0.0%
SFR                  0      0       0     200        0.0%
STACK                0      0       0       2        0.0%
NULL                 0      0       0       0        0.0%
ABS                  0      0      1C      20        0.0%
DATA                 0      0      1C       3        0.0%
CODE                 0      0       0       0        0.0%


Microchip Technology PIC18 Macro Assembler V2.10 build 88905656 
Symbol Table                                                                                   Sun Mar 22 19:07:48 2020

        __end_of_neopixel_init 7B5C         __end_of_neopixel_reset 7B70                             l21 7BC8  
                           l30 7C56                             l15 7B5A                             l31 7C2A  
                           l24 7B88                             l33 7C5E                             l34 7CAA  
                           l18 7BF6                             l43 7D26                             l35 7C7E  
                           l28 7C02                             l37 7CB2                             l29 7C0A  
                           l46 7B6E                             l39 7CD2                             l57 7D28  
                           l69 7FF8                    __CFG_BOR$ON 000000                             _bv 001A  
                           _gv 001C                             _rv 001B                    __CFG_BORV$3 000000  
                 __CFG_CP0$OFF 000000                   __CFG_CP1$OFF 000000                   __CFG_CP2$OFF 000000  
                 __CFG_CP3$OFF 000000                            l815 7B50                            l751 7B5C  
                          l817 7B54                            l753 7B5E                            l931 7BFA  
                          l941 7C20                            l933 7C06                            l943 7C3E  
                          l961 7C98                            l945 7C44                            l971 7CC0  
                          l963 7C9A                            l955 7C6C                            l947 7C46  
                          l939 7C18                            l981 7CFE                            l973 7CC8  
                          l965 7CAE                            l957 7C74                            l949 7C5A  
                          l975 7CE6                            l959 7C92                            l983 7D00  
                          l991 7BCC                            l985 7D12                            l977 7CEC  
                          l993 7BA8                            l987 7D22                            l979 7CEE  
                          l995 7D28                            l989 7B72                            l997 7D2C  
                          l999 7D36                   __CFG_CPB$OFF 000000                            u200 7CAA  
                          u201 7CA6                            u210 7CC0                            u211 7CBC  
                          u220 7CFE                            u300 7FAE                            u221 7CFA  
                          u301 7FAA                            u230 7D12                            u310 7FCC  
                          u231 7D0E                            u311 7FC8                            u240 7D22  
                          u320 7FEA                            u241 7D1E                            u321 7FE6  
                          u170 7C18                            u250 7DE2                            u171 7C14  
                          u251 7DDE                            u180 7C56                            u260 7E3A  
                          u181 7C52                            u261 7E36                            u190 7C6C  
                          u270 7E88                            u191 7C68                            u407 7F80  
                          u271 7E84                            u280 7ED8                            u417 7C22  
                          u281 7ED4                            u337 7D56                            u290 7F9E  
                 __CFG_CPD$OFF 000000                            u427 7C76                            u291 7F9A  
                          u347 7D8C                            u437 7CCA                            u357 7DC2  
                          u447 7B64                            u367 7E1A                            u457 7B56  
                          u377 7E5E                            u387 7EAE                            u397 7F28  
                          wreg 000FE8       __end_of_neopixel_offLeds 7B8A                   __CFG_LVP$OFF 000000  
                 __CFG_WDT$OFF 000000                           l1001 7D4C                           l1011 7DA2  
                         l1003 7D62                           l1101 7FEC                           l1021 7DD0  
                         l1005 7D6C                           l1031 7DE6                           l1023 7DD2  
                         l1007 7D82                           l1033 7E10                           l1025 7DE2  
                         l1017 7DA6                           l1009 7D98                           l1051 7E76  
                         l1035 7E28                           l1019 7DB8                           l1061 7EA4  
                         l1053 7E88                           l1045 7E3E                           l1037 7E2A  
                         l1063 7EBC                           l1047 7E54                           l1039 7E3A  
                         l1081 7F60                           l1073 7EDC                           l1065 7EC6  
                         l1049 7E6C                           l1091 7FBC                           l1083 7F8C  
                         l1075 7F1E                           l1067 7ED8                           l1059 7E8C  
                         l1093 7FCC                           l1085 7F9E                           l1077 7F34  
                         l1095 7FD4                           l1087 7FAE                           l1079 7F4A  
                         l1097 7FDA                           l1089 7FB2                           l1099 7FEA  
                         _main 7D28                           start 0000         neopixel_setColor@x_174 0009  
       neopixel_setColor@x_175 000A                  __CFG_IESO$OFF 000000          neopixel_offLeds@index 000D  
        neopixel_offLeds@reset 000C             neopixel_setColor@b 0003             neopixel_setColor@g 0002  
                __CFG_MCLRE$ON 000000             neopixel_setColor@i 0007             neopixel_setColor@r 0006  
           neopixel_setColor@x 0008                   ___param_bank 000000                ?_neopixel_reset 0001  
                __CFG_PLLDIV$5 000000                 __CFG_CCP2MX$ON 000000                          ?_main 0001  
                __CFG_USBDIV$1 000000                  __CFG_PWRT$OFF 000000                  __CFG_WRT0$OFF 000000  
                __CFG_WRT1$OFF 000000                  __CFG_WRT2$OFF 000000                  __CFG_WRT3$OFF 000000  
               __CFG_EBTR0$OFF 000000                 __CFG_FCMEN$OFF 000000                 __CFG_EBTR1$OFF 000000  
               __CFG_EBTR2$OFF 000000                 __CFG_EBTR3$OFF 000000                  __CFG_WRTB$OFF 000000  
                __CFG_WRTC$OFF 000000                  __CFG_WRTD$OFF 000000                 __CFG_EBTRB$OFF 000000  
                        main@c 0016                          main@z 0015                          tablat 000FF5  
                        status 000FD8                 __CFG_ICPRT$OFF 000000                __initialization 7B8A  
                 __end_of_main 8000                         ??_main 0013                  __activetblptr 000000  
               __CFG_XINST$OFF 000000                 __CFG_STVREN$ON 000000                   __pdataCOMRAM 001C  
                       tblptrh 000FF7                         tblptrl 000FF6                         tblptru 000FF8  
                   __accesstop 0060        __end_of__initialization 7BA0                __CFG_PBADEN$OFF 000000  
                ___rparam_used 000001           neopixel_setColor@val 000B                 __pcstackCOMRAM 0001  
 __size_of_neopixel_turnFromTo 0024   __size_of_neopixel_turnOneLed 002E              ?_neopixel_offLeds 000C  
           ??_neopixel_offLeds 000D               ??_neopixel_reset 0001         __size_of_neopixel_init 000C  
              __CFG_VREGEN$OFF 000000                        __Hparam 0000                        __Lparam 0000  
                      __pcinit 7B8A                        __ramtop 0800                        __ptext0 7D28  
                      __ptext1 7BCA                        __ptext2 7BA6                        __ptext3 7B70  
                      __ptext4 7BF8                        __ptext5 7B5C                        __ptext6 7B50  
         end_of_initialization 7BA0                  _neopixel_init 7B50                      _PORTBbits 000F81  
                    _TRISBbits 000F93            _neopixel_turnFromTo 7BA6            _neopixel_turnOneLed 7BCA  
     neopixel_turnOneLed@index 0011                 ?_neopixel_init 0001                  __pidataCOMRAM 7B4F  
         ?_neopixel_turnFromTo 000E           ?_neopixel_turnOneLed 000E            start_initialization 7B8A  
    neopixel_turnFromTo@indexF 0012      neopixel_turnFromTo@indexT 000E      __size_of_neopixel_offLeds 001A  
            _neopixel_setColor 7BF8               __CFG_LPT1OSC$OFF 000000             ?_neopixel_setColor 0002  
        ??_neopixel_turnFromTo 0012          ??_neopixel_turnOneLed 0011                    __pbssCOMRAM 001A  
          ??_neopixel_setColor 0006           neopixel_turnFromTo@b 0011           neopixel_turnFromTo@g 0010  
         neopixel_turnFromTo@r 000F           neopixel_turnOneLed@b 0010           neopixel_turnOneLed@g 000F  
         neopixel_turnOneLed@r 000E                ??_neopixel_init 0001      __end_of_neopixel_setColor 7D28  
             __CFG_WDTPS$32768 000000                      main@c_190 0018                      main@c_191 0019  
                    main@c_189 0017        __size_of_neopixel_reset 0014               _neopixel_offLeds 7B70  
                     __Hrparam 0000     __size_of_neopixel_setColor 0130                       __Lrparam 0000  
                __size_of_main 02D8          __CFG_CPUDIV$OSC1_PLL2 000000  neopixel_setColor@numberOfLeds 0004  
  __end_of_neopixel_turnFromTo 7BCA    __end_of_neopixel_turnOneLed 7BF8   neopixel_setColor@showChanges 0005  
               _neopixel_reset 7B5C             __CFG_FOSC$HSPLL_HS 000000  
